<?xml version="1.0" encoding="utf-8"?><testsuites><testsuite name="pytest" errors="0" failures="0" skipped="0" tests="10" time="3.194" timestamp="2022-09-17T15:44:14.029780" hostname="Daniels-MacBook-Pro.local"><testcase classname="userinterface.tests.testTemplateTags.TestTemplateTags" name="test_templatetags_dates" time="0.375" /><testcase classname="userinterface.tests.testTemplateTags.TestTemplateTags" name="test_templatetags_embellish" time="0.009" /><testcase classname="userinterface.tests.testTemplateTags.TestTemplateTags" name="test_templatetags_markdown" time="0.040" /><testcase classname="userinterface.tests.testTemplateTags.TestTemplateTags" name="test_templatetags_numbers" time="0.003" /><testcase classname="userinterface.tests.testTemplateTags.TestTemplateTags" name="test_templatetags_template" time="0.021" /><testcase classname="userinterface.tests.testViews.TestViews" name="test_cacheViews" time="0.334" /><testcase classname="userinterface.tests.testViews.TestViews" name="test_contextpreprocessors" time="0.245" /><testcase classname="userinterface.tests.testViews.TestViews" name="test_getProject" time="0.552" /><testcase classname="userinterface.tests.testViews.TestViews" name="test_index" time="1.003" /><testcase classname="userinterface.tests.testViews.TestViews" name="test_tools_wikiParser" time="0.263" /></testsuite></testsuites>